<?xml version="1.0" encoding="UTF-8"?>
<testsuite xmlns:xsi="http://www.w3.org/2001/XMLSchema-instance" xsi:noNamespaceSchemaLocation="https://maven.apache.org/surefire/maven-surefire-plugin/xsd/surefire-test-report.xsd" version="3.0.1" name="com.qualizeal.AppTest" time="0.111" tests="10" errors="0" skipped="0" failures="0">
  <properties>
[...]
</properties>
  <testcase name="test1" classname="com.qualizeal.AppTest" time="0.016"/>
  <testcase name="test2" classname="com.qualizeal.AppTest" time="0.0"/>
  <testcase name="test3(int, int)[1]" classname="com.qualizeal.AppTest" time="0.015"/>
  <testcase name="test3(int, int)[2]" classname="com.qualizeal.AppTest" time="0.0"/>
  <testcase name="test4(int, int)[1]" classname="com.qualizeal.AppTest" time="0.0"/>
  <testcase name="test4(int, int)[2]" classname="com.qualizeal.AppTest" time="0.0"/>
  <testcase name="test4(int, int)[3]" classname="com.qualizeal.AppTest" time="0.0"/>
  <testcase name="test5(int, int)[1]" classname="com.qualizeal.AppTest" time="0.0"/>
  <testcase name="test5(int, int)[2]" classname="com.qualizeal.AppTest" time="0.0"/>
  <testcase name="test5(int, int)[3]" classname="com.qualizeal.AppTest" time="0.0"/>
</testsuite>